<component name="libraryTable">
  <library name="junit:junit:4.8" type="repository">
    <properties maven-id="junit:junit:4.8" />
    <CLASSES>
      <root url="jar://$MAVEN_REPOSITORY$/junit/junit/4.8/junit-4.8.jar!/" />
    </CLASSES>
    <JAVADOC />
    <SOURCES />
  </library>
</component>